=================================================
Project : chart_1	start : 19/04/04 20:15
Current failed test : org.jfree.chart.renderer.category.junit.AbstractCategoryItemRendererTests::test2947660 | 19/04/04 20:15
Thu Apr 04 20:15:43 EDT 2019 org.jfree.chart.renderer.category.AbstractCategoryItemRenderer,1793
Thu Apr 04 20:15:47 EDT 2019 org.jfree.chart.plot.CategoryPlot,1613
Thu Apr 04 20:15:50 EDT 2019 Thu Apr 04 20:15:50 EDT 2019 : org.jfree.chart.plot.CategoryPlot,1614=>Find no block
Thu Apr 04 20:15:50 EDT 2019 org.jfree.chart.plot.CategoryPlot,1665
Thu Apr 04 20:16:12 EDT 2019 org.jfree.chart.plot.CategoryPlot,1667
Thu Apr 04 20:16:15 EDT 2019 org.jfree.chart.plot.CategoryPlot,1672
=================================================
Project : chart_1	start : 19/04/04 20:16
Current failed test : org.jfree.chart.renderer.category.junit.AbstractCategoryItemRendererTests::test2947660 | 19/04/04 20:16
Thu Apr 04 20:16:28 EDT 2019 org.jfree.chart.renderer.category.AbstractCategoryItemRenderer,1793
=================================================
Project : chart_1	start : 19/04/04 20:16
Current failed test : org.jfree.chart.renderer.category.junit.AbstractCategoryItemRendererTests::test2947660 | 19/04/04 20:16
Thu Apr 04 20:16:51 EDT 2019 org.jfree.chart.renderer.category.AbstractCategoryItemRenderer,1793
Thu Apr 04 20:16:55 EDT 2019 org.jfree.chart.plot.CategoryPlot,1613
Thu Apr 04 20:16:57 EDT 2019 Thu Apr 04 20:16:57 EDT 2019 : org.jfree.chart.plot.CategoryPlot,1614=>Find no block
Thu Apr 04 20:16:57 EDT 2019 org.jfree.chart.plot.CategoryPlot,1665
Thu Apr 04 20:17:19 EDT 2019 org.jfree.chart.plot.CategoryPlot,1667
Thu Apr 04 20:17:22 EDT 2019 org.jfree.chart.plot.CategoryPlot,1672
Thu Apr 04 20:17:42 EDT 2019 org.jfree.chart.plot.CategoryPlot,1673
Thu Apr 04 20:17:42 EDT 2019 org.jfree.chart.plot.CategoryPlot,1674
Thu Apr 04 20:17:42 EDT 2019 org.jfree.chart.plot.CategoryPlot,1675
Thu Apr 04 20:17:42 EDT 2019 org.jfree.chart.plot.CategoryPlot,1678
Thu Apr 04 20:17:49 EDT 2019 org.jfree.chart.plot.CategoryPlot,1679
Thu Apr 04 20:18:04 EDT 2019 org.jfree.chart.plot.CategoryPlot,1681
Thu Apr 04 20:18:22 EDT 2019 org.jfree.chart.plot.CategoryPlot,1682
Thu Apr 04 20:18:22 EDT 2019 Thu Apr 04 20:18:22 EDT 2019 : org.jfree.chart.plot.CategoryPlot,1684=>Find no block
Thu Apr 04 20:18:22 EDT 2019 org.jfree.chart.plot.CategoryPlot,567
Thu Apr 04 20:18:24 EDT 2019 Thu Apr 04 20:18:24 EDT 2019 : org.jfree.chart.plot.CategoryPlot,568=>Find no block
Thu Apr 04 20:18:24 EDT 2019 org.jfree.chart.plot.CategoryPlot,1339
Thu Apr 04 20:18:26 EDT 2019 Thu Apr 04 20:18:26 EDT 2019 : org.jfree.chart.plot.CategoryPlot,1340=>Find no block
Thu Apr 04 20:18:27 EDT 2019 org.jfree.chart.plot.CategoryPlot,1358
Thu Apr 04 20:18:33 EDT 2019 org.jfree.chart.plot.CategoryPlot,1045
Thu Apr 04 20:18:40 EDT 2019 org.jfree.chart.plot.CategoryPlot,1046
Thu Apr 04 20:18:40 EDT 2019 org.jfree.chart.plot.CategoryPlot,1352
Thu Apr 04 20:19:21 EDT 2019 org.jfree.chart.plot.CategoryPlot,1353
Thu Apr 04 20:19:21 EDT 2019 org.jfree.chart.plot.CategoryPlot,1356
Thu Apr 04 20:19:21 EDT 2019 org.jfree.chart.plot.CategoryPlot,1357
Thu Apr 04 20:19:21 EDT 2019 org.jfree.chart.plot.CategoryPlot,1362
Thu Apr 04 20:19:22 EDT 2019 org.jfree.chart.plot.CategoryPlot,1365
Thu Apr 04 20:19:22 EDT 2019 Thu Apr 04 20:19:22 EDT 2019 : org.jfree.chart.plot.CategoryPlot,1367=>Find no block
Thu Apr 04 20:19:22 EDT 2019 org.jfree.chart.renderer.category.LineAndShapeRenderer,201
Thu Apr 04 20:19:24 EDT 2019 Thu Apr 04 20:19:24 EDT 2019 : org.jfree.chart.renderer.category.LineAndShapeRenderer,202=>Find no block
Thu Apr 04 20:19:24 EDT 2019 org.jfree.chart.renderer.category.AbstractCategoryItemRenderer,1791
Thu Apr 04 20:19:26 EDT 2019 org.jfree.chart.renderer.category.AbstractCategoryItemRenderer,1792
Thu Apr 04 20:19:27 EDT 2019 org.jfree.chart.renderer.category.AbstractCategoryItemRenderer,1795
Thu Apr 04 20:19:33 EDT 2019 org.jfree.chart.renderer.category.AbstractCategoryItemRenderer,1796
Thu Apr 04 20:19:47 EDT 2019 org.jfree.chart.renderer.category.AbstractCategoryItemRenderer,1797
Thu Apr 04 20:19:53 EDT 2019 org.jfree.chart.renderer.category.AbstractCategoryItemRenderer,1798
Thu Apr 04 20:19:53 EDT 2019 org.jfree.chart.plot.CategoryPlot,1727
Thu Apr 04 20:19:55 EDT 2019 org.jfree.data.category.DefaultCategoryDataset,259
Thu Apr 04 20:19:58 EDT 2019 Thu Apr 04 20:19:58 EDT 2019 : org.jfree.data.category.DefaultCategoryDataset,260=>Find no block
Thu Apr 04 20:19:58 EDT 2019 org.jfree.chart.renderer.category.LineAndShapeRenderer,211
Thu Apr 04 20:20:01 EDT 2019 org.jfree.chart.renderer.category.LineAndShapeRenderer,212
Thu Apr 04 20:20:01 EDT 2019 org.jfree.chart.renderer.category.LineAndShapeRenderer,213
Thu Apr 04 20:20:04 EDT 2019 org.jfree.chart.renderer.category.LineAndShapeRenderer,214
Thu Apr 04 20:20:07 EDT 2019 org.jfree.chart.renderer.category.LineAndShapeRenderer,215
Thu Apr 04 20:20:13 EDT 2019 org.jfree.chart.renderer.category.LineAndShapeRenderer,216
Thu Apr 04 20:20:18 EDT 2019 org.jfree.chart.renderer.category.LineAndShapeRenderer,217
Thu Apr 04 20:20:24 EDT 2019 org.jfree.chart.renderer.category.LineAndShapeRenderer,218
Thu Apr 04 20:20:31 EDT 2019 org.jfree.chart.renderer.category.LineAndShapeRenderer,219
Thu Apr 04 20:20:39 EDT 2019 org.jfree.chart.renderer.category.LineAndShapeRenderer,220
Thu Apr 04 20:20:49 EDT 2019 org.jfree.chart.renderer.category.LineAndShapeRenderer,221
Thu Apr 04 20:20:58 EDT 2019 org.jfree.chart.renderer.category.LineAndShapeRenderer,222
Thu Apr 04 20:20:58 EDT 2019 Thu Apr 04 20:20:58 EDT 2019 : org.jfree.chart.renderer.category.LineAndShapeRenderer,223=>Find no block
Thu Apr 04 20:20:58 EDT 2019 org.jfree.data.general.AbstractDataset,191
Thu Apr 04 20:21:02 EDT 2019 org.jfree.data.general.AbstractDataset,192
Thu Apr 04 20:21:02 EDT 2019 org.jfree.chart.LegendItemCollection,107
Thu Apr 04 20:21:04 EDT 2019 Thu Apr 04 20:21:04 EDT 2019 : org.jfree.chart.LegendItemCollection,68=>Find no block
Thu Apr 04 20:21:04 EDT 2019 org.jfree.chart.LegendItemCollection,69
Thu Apr 04 20:21:07 EDT 2019 Thu Apr 04 20:21:07 EDT 2019 : org.jfree.chart.LegendItemCollection,70=>Find no block
Thu Apr 04 20:21:07 EDT 2019 org.jfree.data.category.DefaultCategoryDataset,243
Thu Apr 04 20:21:10 EDT 2019 org.jfree.data.category.DefaultCategoryDataset,244
Thu Apr 04 20:21:10 EDT 2019 Thu Apr 04 20:21:10 EDT 2019 : org.jfree.data.category.DefaultCategoryDataset,246=>Find no block
Thu Apr 04 20:21:10 EDT 2019 org.jfree.data.category.AbstractCategoryDataset,64
Thu Apr 04 20:21:12 EDT 2019 Thu Apr 04 20:21:12 EDT 2019 : org.jfree.data.category.AbstractCategoryDataset,65=>Find no block
Thu Apr 04 20:21:12 EDT 2019 org.jfree.data.category.AbstractCategoryDataset,87
Thu Apr 04 20:21:15 EDT 2019 org.jfree.data.category.AbstractCategoryDataset,88
Thu Apr 04 20:21:15 EDT 2019 Thu Apr 04 20:21:15 EDT 2019 : org.jfree.data.category.AbstractCategoryDataset,90=>Find no block
Thu Apr 04 20:21:15 EDT 2019 Thu Apr 04 20:21:15 EDT 2019 : org.jfree.data.category.DefaultCategoryDataset,80=>Find no block
Thu Apr 04 20:21:15 EDT 2019 org.jfree.data.category.DefaultCategoryDataset,81
Thu Apr 04 20:21:17 EDT 2019 org.jfree.data.category.DefaultCategoryDataset,83
Thu Apr 04 20:21:17 EDT 2019 Thu Apr 04 20:21:17 EDT 2019 : org.jfree.data.category.DefaultCategoryDataset,84=>Find no block
Thu Apr 04 20:21:17 EDT 2019 org.jfree.data.KeyedObjects2D,257
Thu Apr 04 20:21:20 EDT 2019 Thu Apr 04 20:21:20 EDT 2019 : org.jfree.data.KeyedObjects2D,258=>Find no block
Thu Apr 04 20:21:20 EDT 2019 org.jfree.data.SelectableValue,65
Thu Apr 04 20:21:22 EDT 2019 Thu Apr 04 20:21:22 EDT 2019 : org.jfree.data.SelectableValue,66=>Find no block
Thu Apr 04 20:21:22 EDT 2019 Thu Apr 04 20:21:22 EDT 2019 : org.jfree.data.SelectableValue,74=>Find no block
Thu Apr 04 20:21:22 EDT 2019 org.jfree.data.SelectableValue,75
Thu Apr 04 20:21:25 EDT 2019 org.jfree.data.SelectableValue,76
Thu Apr 04 20:21:25 EDT 2019 Thu Apr 04 20:21:25 EDT 2019 : org.jfree.data.SelectableValue,77=>Find no block
Thu Apr 04 20:21:26 EDT 2019 org.jfree.chart.renderer.category.AbstractCategoryItemRenderer,293
Thu Apr 04 20:21:28 EDT 2019 org.jfree.chart.renderer.category.AbstractCategoryItemRenderer,296
Thu Apr 04 20:21:30 EDT 2019 Thu Apr 04 20:21:30 EDT 2019 : org.jfree.chart.renderer.category.AbstractCategoryItemRenderer,297=>Find no block
Thu Apr 04 20:21:30 EDT 2019 org.jfree.data.KeyedObjects2D,270
Thu Apr 04 20:21:32 EDT 2019 org.jfree.data.KeyedObjects2D,273
Thu Apr 04 20:21:34 EDT 2019 org.jfree.data.KeyedObjects2D,277
Thu Apr 04 20:22:04 EDT 2019 org.jfree.data.KeyedObjects2D,278
Thu Apr 04 20:22:25 EDT 2019 org.jfree.data.KeyedObjects2D,282
Thu Apr 04 20:22:25 EDT 2019 org.jfree.data.KeyedObjects2D,283
Thu Apr 04 20:22:25 EDT 2019 org.jfree.data.KeyedObjects2D,284
Thu Apr 04 20:22:25 EDT 2019 org.jfree.data.KeyedObjects2D,286
Thu Apr 04 20:22:56 EDT 2019 org.jfree.data.KeyedObjects2D,287
Thu Apr 04 20:23:05 EDT 2019 org.jfree.data.KeyedObjects2D,288
Thu Apr 04 20:23:26 EDT 2019 org.jfree.data.KeyedObjects2D,289
Thu Apr 04 20:23:26 EDT 2019 Thu Apr 04 20:23:26 EDT 2019 : org.jfree.data.KeyedObjects2D,292=>Find no block
Thu Apr 04 20:23:26 EDT 2019 Thu Apr 04 20:23:26 EDT 2019 : org.jfree.data.KeyedObjects2D,73=>Find no block
Thu Apr 04 20:23:26 EDT 2019 org.jfree.data.KeyedObjects2D,74
Thu Apr 04 20:23:28 EDT 2019 org.jfree.data.KeyedObjects2D,75
Thu Apr 04 20:23:28 EDT 2019 org.jfree.data.KeyedObjects2D,76
Thu Apr 04 20:23:28 EDT 2019 Thu Apr 04 20:23:28 EDT 2019 : org.jfree.data.KeyedObjects2D,77=>Find no block
Thu Apr 04 20:23:28 EDT 2019 Thu Apr 04 20:23:28 EDT 2019 : org.jfree.chart.util.SortOrder,74=>Find no block
Thu Apr 04 20:23:28 EDT 2019 org.jfree.chart.util.SortOrder,75
Thu Apr 04 20:23:30 EDT 2019 Thu Apr 04 20:23:30 EDT 2019 : org.jfree.chart.util.SortOrder,76=>Find no block
Thu Apr 04 20:23:30 EDT 2019 Thu Apr 04 20:23:30 EDT 2019 : org.jfree.chart.util.SortOrder,59=>Find no block
Thu Apr 04 20:23:30 EDT 2019 Thu Apr 04 20:23:30 EDT 2019 : org.jfree.chart.util.SortOrder,63=>Find no block
Thu Apr 04 20:23:30 EDT 2019 org.jfree.chart.plot.CategoryPlot,584
Thu Apr 04 20:23:37 EDT 2019 Thu Apr 04 20:23:37 EDT 2019 : org.jfree.chart.plot.CategoryPlot,361=>Find no block
Thu Apr 04 20:23:37 EDT 2019 Thu Apr 04 20:23:37 EDT 2019 : org.jfree.chart.plot.CategoryPlot,368=>Find no block
Thu Apr 04 20:23:37 EDT 2019 Thu Apr 04 20:23:37 EDT 2019 : org.jfree.chart.plot.CategoryPlot,374=>Find no block
Thu Apr 04 20:23:37 EDT 2019 Thu Apr 04 20:23:37 EDT 2019 : org.jfree.chart.plot.CategoryPlot,509=>Find no block
Thu Apr 04 20:23:37 EDT 2019 org.jfree.chart.plot.CategoryPlot,586
Thu Apr 04 20:23:37 EDT 2019 org.jfree.chart.plot.CategoryPlot,589
Thu Apr 04 20:23:42 EDT 2019 org.jfree.chart.plot.CategoryPlot,590
Thu Apr 04 20:23:45 EDT 2019 org.jfree.chart.plot.CategoryPlot,591
Thu Apr 04 20:23:49 EDT 2019 org.jfree.chart.plot.CategoryPlot,592
Thu Apr 04 20:23:53 EDT 2019 org.jfree.chart.plot.CategoryPlot,594
Thu Apr 04 20:23:56 EDT 2019 org.jfree.chart.plot.CategoryPlot,595
Thu Apr 04 20:23:59 EDT 2019 org.jfree.chart.plot.CategoryPlot,597
Thu Apr 04 20:24:04 EDT 2019 org.jfree.chart.plot.CategoryPlot,599
Thu Apr 04 20:24:15 EDT 2019 org.jfree.chart.plot.CategoryPlot,600
Thu Apr 04 20:24:33 EDT 2019 org.jfree.chart.plot.CategoryPlot,601
Thu Apr 04 20:24:33 EDT 2019 org.jfree.chart.plot.CategoryPlot,605
Thu Apr 04 20:24:45 EDT 2019 org.jfree.chart.plot.CategoryPlot,607
Thu Apr 04 20:24:49 EDT 2019 org.jfree.chart.plot.CategoryPlot,608
Thu Apr 04 20:24:52 EDT 2019 org.jfree.chart.plot.CategoryPlot,610
Thu Apr 04 20:25:04 EDT 2019 org.jfree.chart.plot.CategoryPlot,611
Thu Apr 04 20:25:04 EDT 2019 org.jfree.chart.plot.CategoryPlot,616
Thu Apr 04 20:25:22 EDT 2019 org.jfree.chart.plot.CategoryPlot,617
Thu Apr 04 20:25:36 EDT 2019 org.jfree.chart.plot.CategoryPlot,618
Thu Apr 04 20:25:51 EDT 2019 org.jfree.chart.plot.CategoryPlot,622
Thu Apr 04 20:26:16 EDT 2019 org.jfree.chart.plot.CategoryPlot,624
Thu Apr 04 20:26:30 EDT 2019 org.jfree.chart.plot.CategoryPlot,625
Thu Apr 04 20:26:47 EDT 2019 org.jfree.chart.plot.CategoryPlot,626
Thu Apr 04 20:27:14 EDT 2019 org.jfree.chart.plot.CategoryPlot,631
Thu Apr 04 20:27:33 EDT 2019 org.jfree.chart.plot.CategoryPlot,632
Thu Apr 04 20:27:36 EDT 2019 org.jfree.chart.plot.CategoryPlot,634
Thu Apr 04 20:27:40 EDT 2019 org.jfree.chart.plot.CategoryPlot,635
Thu Apr 04 20:27:45 EDT 2019 org.jfree.chart.plot.CategoryPlot,636
Thu Apr 04 20:27:55 EDT 2019 org.jfree.chart.plot.CategoryPlot,637
Thu Apr 04 20:28:03 EDT 2019 org.jfree.chart.plot.CategoryPlot,639
Thu Apr 04 20:28:34 EDT 2019 org.jfree.chart.plot.CategoryPlot,640
Thu Apr 04 20:28:50 EDT 2019 org.jfree.chart.plot.CategoryPlot,641
Thu Apr 04 20:29:06 EDT 2019 org.jfree.chart.plot.CategoryPlot,643
Thu Apr 04 20:29:11 EDT 2019 org.jfree.chart.plot.CategoryPlot,644
Thu Apr 04 20:29:19 EDT 2019 org.jfree.chart.plot.CategoryPlot,645
Thu Apr 04 20:29:26 EDT 2019 org.jfree.chart.plot.CategoryPlot,647
Thu Apr 04 20:29:32 EDT 2019 org.jfree.chart.plot.CategoryPlot,648
Thu Apr 04 20:29:45 EDT 2019 org.jfree.chart.plot.CategoryPlot,649
Thu Apr 04 20:29:58 EDT 2019 org.jfree.chart.plot.CategoryPlot,651
Thu Apr 04 20:30:08 EDT 2019 org.jfree.chart.plot.CategoryPlot,652
Thu Apr 04 20:30:11 EDT 2019 org.jfree.chart.plot.CategoryPlot,653
Thu Apr 04 20:30:14 EDT 2019 org.jfree.chart.plot.CategoryPlot,654
Thu Apr 04 20:30:19 EDT 2019 org.jfree.chart.plot.CategoryPlot,656
Thu Apr 04 20:30:25 EDT 2019 org.jfree.chart.plot.CategoryPlot,658
Thu Apr 04 20:30:28 EDT 2019 org.jfree.chart.plot.CategoryPlot,659
Thu Apr 04 20:30:33 EDT 2019 org.jfree.chart.plot.CategoryPlot,660
Thu Apr 04 20:30:37 EDT 2019 org.jfree.chart.plot.CategoryPlot,662
Thu Apr 04 20:30:41 EDT 2019 org.jfree.chart.plot.CategoryPlot,663
Thu Apr 04 20:30:45 EDT 2019 org.jfree.chart.plot.CategoryPlot,664
Thu Apr 04 20:30:49 EDT 2019 org.jfree.chart.plot.CategoryPlot,665
Thu Apr 04 20:30:54 EDT 2019 org.jfree.chart.plot.CategoryPlot,667
Thu Apr 04 20:30:59 EDT 2019 org.jfree.chart.plot.CategoryPlot,669
Thu Apr 04 20:31:02 EDT 2019 org.jfree.chart.plot.CategoryPlot,670
Thu Apr 04 20:31:02 EDT 2019 Thu Apr 04 20:31:02 EDT 2019 : org.jfree.chart.plot.CategoryPlot,671=>Find no block
Thu Apr 04 20:31:03 EDT 2019 Thu Apr 04 20:31:03 EDT 2019 : org.jfree.chart.plot.CategoryPlot,286=>Find no block
Thu Apr 04 20:31:03 EDT 2019 Thu Apr 04 20:31:03 EDT 2019 : org.jfree.chart.plot.CategoryPlot,291=>Find no block
Thu Apr 04 20:31:03 EDT 2019 Thu Apr 04 20:31:03 EDT 2019 : org.jfree.chart.plot.CategoryPlot,294=>Find no block
Thu Apr 04 20:31:04 EDT 2019 Thu Apr 04 20:31:04 EDT 2019 : org.jfree.chart.plot.CategoryPlot,309=>Find no block
Thu Apr 04 20:31:04 EDT 2019 Thu Apr 04 20:31:04 EDT 2019 : org.jfree.chart.plot.CategoryPlot,317=>Find no block
Thu Apr 04 20:31:04 EDT 2019 Thu Apr 04 20:31:04 EDT 2019 : org.jfree.chart.plot.CategoryPlot,320=>Find no block
Thu Apr 04 20:31:04 EDT 2019 org.jfree.chart.plot.CategoryPlot,913
Thu Apr 04 20:31:10 EDT 2019 Thu Apr 04 20:31:10 EDT 2019 : org.jfree.chart.plot.CategoryPlot,914=>Find no block
Thu Apr 04 20:31:10 EDT 2019 org.jfree.chart.plot.CategoryPlot,946
Thu Apr 04 20:31:16 EDT 2019 org.jfree.chart.plot.CategoryPlot,950
Thu Apr 04 20:32:02 EDT 2019 org.jfree.chart.plot.CategoryPlot,951
Thu Apr 04 20:32:03 EDT 2019 Thu Apr 04 20:32:03 EDT 2019 : org.jfree.chart.plot.CategoryPlot,954=>Find no block
Thu Apr 04 20:32:03 EDT 2019 org.jfree.chart.plot.CategoryPlot,1013
Thu Apr 04 20:32:36 EDT 2019 org.jfree.chart.plot.CategoryPlot,1014
Thu Apr 04 20:32:36 EDT 2019 org.jfree.chart.plot.CategoryPlot,1015
Thu Apr 04 20:32:36 EDT 2019 Thu Apr 04 20:32:36 EDT 2019 : org.jfree.chart.plot.CategoryPlot,1019=>Find no block
Thu Apr 04 20:32:36 EDT 2019 org.jfree.chart.plot.CategoryPlot,1040
Thu Apr 04 20:33:34 EDT 2019 org.jfree.chart.plot.CategoryPlot,1041
Thu Apr 04 20:33:34 EDT 2019 org.jfree.chart.plot.CategoryPlot,1042
Thu Apr 04 20:33:34 EDT 2019 org.jfree.chart.plot.CategoryPlot,1044
Thu Apr 04 20:33:34 EDT 2019 org.jfree.chart.plot.CategoryPlot,1051
Thu Apr 04 20:33:34 EDT 2019 org.jfree.chart.plot.CategoryPlot,1197
Thu Apr 04 20:33:40 EDT 2019 Thu Apr 04 20:33:40 EDT 2019 : org.jfree.chart.plot.CategoryPlot,1198=>Find no block
Thu Apr 04 20:33:40 EDT 2019 org.jfree.chart.plot.CategoryPlot,1227
Thu Apr 04 20:33:40 EDT 2019 org.jfree.chart.plot.CategoryPlot,1231
Thu Apr 04 20:34:25 EDT 2019 org.jfree.chart.plot.CategoryPlot,1232
Thu Apr 04 20:34:25 EDT 2019 Thu Apr 04 20:34:25 EDT 2019 : org.jfree.chart.plot.CategoryPlot,1235=>Find no block
Thu Apr 04 20:34:25 EDT 2019 org.jfree.chart.plot.CategoryPlot,1291
Thu Apr 04 20:35:01 EDT 2019 org.jfree.chart.plot.CategoryPlot,1292
Thu Apr 04 20:35:01 EDT 2019 org.jfree.chart.plot.CategoryPlot,1293
Thu Apr 04 20:35:02 EDT 2019 Thu Apr 04 20:35:02 EDT 2019 : org.jfree.chart.plot.CategoryPlot,1297=>Find no block
Thu Apr 04 20:35:02 EDT 2019 org.jfree.chart.plot.CategoryPlot,1320
Thu Apr 04 20:35:26 EDT 2019 org.jfree.chart.plot.CategoryPlot,1321
Thu Apr 04 20:35:59 EDT 2019 org.jfree.chart.plot.CategoryPlot,1322
Thu Apr 04 20:36:00 EDT 2019 org.jfree.chart.plot.CategoryPlot,1324
Thu Apr 04 20:36:00 EDT 2019 org.jfree.chart.plot.CategoryPlot,1410
Thu Apr 04 20:36:18 EDT 2019 org.jfree.chart.plot.CategoryPlot,1411
Thu Apr 04 20:36:19 EDT 2019 org.jfree.chart.plot.CategoryPlot,1412
Failed time : 19/04/04 20:36
=================================================
Project : chart_1	start : 19/04/04 20:48
Current failed test : org.jfree.chart.renderer.category.junit.AbstractCategoryItemRendererTests::test2947660 | 19/04/04 20:48
Thu Apr 04 20:48:57 EDT 2019 org.jfree.chart.renderer.category.AbstractCategoryItemRenderer,1793
Thu Apr 04 20:49:05 EDT 2019 org.jfree.chart.plot.CategoryPlot,1613
Thu Apr 04 20:49:07 EDT 2019 Thu Apr 04 20:49:07 EDT 2019 : org.jfree.chart.plot.CategoryPlot,1614=>Find no block
Thu Apr 04 20:49:07 EDT 2019 org.jfree.chart.plot.CategoryPlot,1665
=================================================
Project : chart_1	start : 19/04/04 20:50
Current failed test : org.jfree.chart.renderer.category.junit.AbstractCategoryItemRendererTests::test2947660 | 19/04/04 20:51
Thu Apr 04 20:51:03 EDT 2019 org.jfree.chart.renderer.category.AbstractCategoryItemRenderer,1793
=================================================
Project : chart_1	start : 19/04/05 16:36
Current failed test : org.jfree.chart.renderer.category.junit.AbstractCategoryItemRendererTests::test2947660 | 19/04/05 16:37
Fri Apr 05 16:37:06 EDT 2019 org.jfree.chart.renderer.category.AbstractCategoryItemRenderer,1793
Fri Apr 05 16:37:10 EDT 2019 org.jfree.chart.plot.CategoryPlot,1613
=================================================
Project : chart_1	start : 19/04/05 17:31
Current failed test : org.jfree.chart.renderer.category.junit.AbstractCategoryItemRendererTests::test2947660 | 19/04/05 17:31
Fri Apr 05 17:31:29 EDT 2019 org.jfree.chart.renderer.category.AbstractCategoryItemRenderer,1793
Fri Apr 05 17:31:33 EDT 2019 org.jfree.chart.plot.CategoryPlot,1613
Fri Apr 05 17:31:35 EDT 2019 Fri Apr 05 17:31:35 EDT 2019 : org.jfree.chart.plot.CategoryPlot,1614=>Find no block
Fri Apr 05 17:31:35 EDT 2019 org.jfree.chart.plot.CategoryPlot,1665
=================================================
Project : chart_1	start : 19/04/05 17:34
Current failed test : org.jfree.chart.renderer.category.junit.AbstractCategoryItemRendererTests::test2947660 | 19/04/05 17:34
Fri Apr 05 17:34:11 EDT 2019 org.jfree.chart.renderer.category.AbstractCategoryItemRenderer,1793
Fri Apr 05 17:34:15 EDT 2019 org.jfree.chart.plot.CategoryPlot,1613
Fri Apr 05 17:34:17 EDT 2019 Fri Apr 05 17:34:17 EDT 2019 : org.jfree.chart.plot.CategoryPlot,1614=>Find no block
Fri Apr 05 17:34:17 EDT 2019 org.jfree.chart.plot.CategoryPlot,1665
=================================================
Project : chart_1	start : 19/04/05 17:36
Current failed test : org.jfree.chart.renderer.category.junit.AbstractCategoryItemRendererTests::test2947660 | 19/04/05 17:37
Fri Apr 05 17:37:01 EDT 2019 org.jfree.chart.renderer.category.AbstractCategoryItemRenderer,1793
Fri Apr 05 17:37:05 EDT 2019 org.jfree.chart.plot.CategoryPlot,1613
Fri Apr 05 17:37:08 EDT 2019 Fri Apr 05 17:37:08 EDT 2019 : org.jfree.chart.plot.CategoryPlot,1614=>Find no block
Fri Apr 05 17:37:08 EDT 2019 org.jfree.chart.plot.CategoryPlot,1665
Fri Apr 05 17:37:28 EDT 2019 org.jfree.chart.plot.CategoryPlot,1667
Fri Apr 05 17:37:32 EDT 2019 org.jfree.chart.plot.CategoryPlot,1672
Fri Apr 05 17:37:49 EDT 2019 org.jfree.chart.plot.CategoryPlot,1673
Fri Apr 05 17:37:49 EDT 2019 org.jfree.chart.plot.CategoryPlot,1674
Fri Apr 05 17:37:49 EDT 2019 org.jfree.chart.plot.CategoryPlot,1675
Fri Apr 05 17:37:49 EDT 2019 org.jfree.chart.plot.CategoryPlot,1678
Fri Apr 05 17:37:55 EDT 2019 org.jfree.chart.plot.CategoryPlot,1679
=================================================
Project : chart_1	start : 19/04/05 17:39
Current failed test : org.jfree.chart.renderer.category.junit.AbstractCategoryItemRendererTests::test2947660 | 19/04/05 17:39
Fri Apr 05 17:39:35 EDT 2019 org.jfree.chart.renderer.category.AbstractCategoryItemRenderer,1793
Fri Apr 05 17:39:40 EDT 2019 org.jfree.chart.plot.CategoryPlot,1613
=================================================
Project : chart_1	start : 19/04/05 17:41
Current failed test : org.jfree.chart.renderer.category.junit.AbstractCategoryItemRendererTests::test2947660 | 19/04/05 17:41
Fri Apr 05 17:41:55 EDT 2019 org.jfree.chart.renderer.category.AbstractCategoryItemRenderer,1793
Fri Apr 05 17:41:58 EDT 2019 org.jfree.chart.plot.CategoryPlot,1613
Fri Apr 05 17:42:01 EDT 2019 Fri Apr 05 17:42:01 EDT 2019 : org.jfree.chart.plot.CategoryPlot,1614=>Find no block
Fri Apr 05 17:42:01 EDT 2019 org.jfree.chart.plot.CategoryPlot,1665
=================================================
Project : chart_1	start : 19/04/05 17:48
Current failed test : org.jfree.chart.renderer.category.junit.AbstractCategoryItemRendererTests::test2947660 | 19/04/05 17:48
Fri Apr 05 17:48:53 EDT 2019 org.jfree.chart.renderer.category.AbstractCategoryItemRenderer,1793
Fri Apr 05 17:48:58 EDT 2019 org.jfree.chart.plot.CategoryPlot,1613
Fri Apr 05 17:49:00 EDT 2019 Fri Apr 05 17:49:00 EDT 2019 : org.jfree.chart.plot.CategoryPlot,1614=>Find no block
Fri Apr 05 17:49:00 EDT 2019 org.jfree.chart.plot.CategoryPlot,1665
Fri Apr 05 17:49:22 EDT 2019 org.jfree.chart.plot.CategoryPlot,1667
Fri Apr 05 17:49:25 EDT 2019 org.jfree.chart.plot.CategoryPlot,1672
=================================================
Project : chart_1	start : 19/04/05 17:53
Current failed test : org.jfree.chart.renderer.category.junit.AbstractCategoryItemRendererTests::test2947660 | 19/04/05 17:53
Fri Apr 05 17:53:51 EDT 2019 org.jfree.chart.renderer.category.AbstractCategoryItemRenderer,1793
Fri Apr 05 17:53:55 EDT 2019 org.jfree.chart.plot.CategoryPlot,1613
Fri Apr 05 17:53:58 EDT 2019 Fri Apr 05 17:53:58 EDT 2019 : org.jfree.chart.plot.CategoryPlot,1614=>Find no block
Fri Apr 05 17:53:58 EDT 2019 org.jfree.chart.plot.CategoryPlot,1665
Fri Apr 05 17:54:19 EDT 2019 org.jfree.chart.plot.CategoryPlot,1667
Fri Apr 05 17:54:22 EDT 2019 org.jfree.chart.plot.CategoryPlot,1672
=================================================
Project : chart_1	start : 19/04/09 14:51
=================================================
Project : chart_1	start : 19/04/16 16:30
=================================================
Project : chart_1	start : 19/04/16 16:32
Current failed test : org.jfree.chart.renderer.category.junit.AbstractCategoryItemRendererTests::test2947660 | 19/04/16 16:32
Tue Apr 16 16:32:07 EDT 2019 org.jfree.chart.renderer.category.AbstractCategoryItemRenderer,1793
=================================================
Project : chart_1	start : 19/04/16 16:40
=================================================
Project : chart_1	start : 19/04/16 16:42
Current failed test : org.jfree.chart.renderer.category.junit.AbstractCategoryItemRendererTests::test2947660 | 19/04/16 16:42
Tue Apr 16 16:42:28 EDT 2019 org.jfree.chart.renderer.category.AbstractCategoryItemRenderer,1793
=================================================
Project : chart_1	start : 19/04/16 16:44
Current failed test : org.jfree.chart.renderer.category.junit.AbstractCategoryItemRendererTests::test2947660 | 19/04/16 16:44
Tue Apr 16 16:44:28 EDT 2019 org.jfree.chart.renderer.category.AbstractCategoryItemRenderer,1793
=================================================
Project : chart_1	start : 19/04/16 16:52
Current failed test : org.jfree.chart.renderer.category.junit.AbstractCategoryItemRendererTests::test2947660 | 19/04/16 16:52
Tue Apr 16 16:52:42 EDT 2019 org.jfree.chart.renderer.category.AbstractCategoryItemRenderer,1793
=================================================
Project : chart_1	start : 19/04/16 16:54
Current failed test : org.jfree.chart.renderer.category.junit.AbstractCategoryItemRendererTests::test2947660 | 19/04/16 16:54
Tue Apr 16 16:54:47 EDT 2019 org.jfree.chart.renderer.category.AbstractCategoryItemRenderer,1793
=================================================
Project : chart_1	start : 19/04/16 16:54
Current failed test : org.jfree.chart.renderer.category.junit.AbstractCategoryItemRendererTests::test2947660 | 19/04/16 16:55
Tue Apr 16 16:55:04 EDT 2019 org.jfree.chart.renderer.category.AbstractCategoryItemRenderer,1793
=================================================
Project : chart_1	start : 19/04/16 16:55
Current failed test : org.jfree.chart.renderer.category.junit.AbstractCategoryItemRendererTests::test2947660 | 19/04/16 16:55
Tue Apr 16 16:55:45 EDT 2019 org.jfree.chart.renderer.category.AbstractCategoryItemRenderer,1793
Tue Apr 16 16:55:54 EDT 2019 org.jfree.chart.plot.CategoryPlot,1613
Tue Apr 16 16:55:56 EDT 2019 Tue Apr 16 16:55:56 EDT 2019 : org.jfree.chart.plot.CategoryPlot,1614=>Find no block
Tue Apr 16 16:55:56 EDT 2019 org.jfree.chart.plot.CategoryPlot,1665
=================================================
Project : chart_1	start : 19/04/16 16:56
Current failed test : org.jfree.chart.renderer.category.junit.AbstractCategoryItemRendererTests::test2947660 | 19/04/16 16:56
Tue Apr 16 16:56:45 EDT 2019 org.jfree.chart.renderer.category.AbstractCategoryItemRenderer,1793
Tue Apr 16 16:56:54 EDT 2019 org.jfree.chart.plot.CategoryPlot,1613
Tue Apr 16 16:56:56 EDT 2019 Tue Apr 16 16:56:56 EDT 2019 : org.jfree.chart.plot.CategoryPlot,1614=>Find no block
Tue Apr 16 16:56:56 EDT 2019 org.jfree.chart.plot.CategoryPlot,1665
=================================================
Project : chart_1	start : 19/04/16 16:57
Current failed test : org.jfree.chart.renderer.category.junit.AbstractCategoryItemRendererTests::test2947660 | 19/04/16 16:57
Tue Apr 16 16:57:28 EDT 2019 org.jfree.chart.renderer.category.AbstractCategoryItemRenderer,1793
Tue Apr 16 16:57:38 EDT 2019 org.jfree.chart.plot.CategoryPlot,1613
Tue Apr 16 16:57:40 EDT 2019 Tue Apr 16 16:57:40 EDT 2019 : org.jfree.chart.plot.CategoryPlot,1614=>Find no block
Tue Apr 16 16:57:41 EDT 2019 org.jfree.chart.plot.CategoryPlot,1665
=================================================
Project : chart_1	start : 19/04/16 17:37
Current failed test : org.jfree.chart.renderer.category.junit.AbstractCategoryItemRendererTests::test2947660 | 19/04/16 17:37
Tue Apr 16 17:37:53 EDT 2019 org.jfree.chart.renderer.category.AbstractCategoryItemRenderer,1793
=================================================
Project : chart_1	start : 19/04/16 17:41
Current failed test : org.jfree.chart.renderer.category.junit.AbstractCategoryItemRendererTests::test2947660 | 19/04/16 17:41
Tue Apr 16 17:41:30 EDT 2019 org.jfree.chart.renderer.category.AbstractCategoryItemRenderer,1793
=================================================
Project : chart_1	start : 19/04/16 17:42
=================================================
Project : chart_1	start : 19/04/16 18:42
Current failed test : org.jfree.chart.renderer.category.junit.AbstractCategoryItemRendererTests::test2947660 | 19/04/16 18:42
Tue Apr 16 18:42:42 EDT 2019 org.jfree.chart.renderer.category.AbstractCategoryItemRenderer,1793
=================================================
Project : chart_1	start : 19/04/16 18:48
Current failed test : org.jfree.chart.renderer.category.junit.AbstractCategoryItemRendererTests::test2947660 | 19/04/16 18:48
Tue Apr 16 18:48:28 EDT 2019 org.jfree.chart.renderer.category.AbstractCategoryItemRenderer,1793
Tue Apr 16 18:48:28 EDT 2019 org.jfree.chart.plot.CategoryPlot,1613
Tue Apr 16 18:48:29 EDT 2019 Tue Apr 16 18:48:29 EDT 2019 : org.jfree.chart.plot.CategoryPlot,1614=>Find no block
Tue Apr 16 18:48:29 EDT 2019 org.jfree.chart.plot.CategoryPlot,1665
Tue Apr 16 18:48:29 EDT 2019 org.jfree.chart.plot.CategoryPlot,1667
Tue Apr 16 18:48:29 EDT 2019 org.jfree.chart.plot.CategoryPlot,1672
Tue Apr 16 18:48:30 EDT 2019 org.jfree.chart.plot.CategoryPlot,1673
Tue Apr 16 18:48:30 EDT 2019 org.jfree.chart.plot.CategoryPlot,1674
Tue Apr 16 18:48:30 EDT 2019 org.jfree.chart.plot.CategoryPlot,1675
Tue Apr 16 18:48:30 EDT 2019 org.jfree.chart.plot.CategoryPlot,1678
Tue Apr 16 18:48:30 EDT 2019 org.jfree.chart.plot.CategoryPlot,1679
Tue Apr 16 18:48:30 EDT 2019 org.jfree.chart.plot.CategoryPlot,1681
Tue Apr 16 18:48:31 EDT 2019 org.jfree.chart.plot.CategoryPlot,1682
Tue Apr 16 18:48:31 EDT 2019 Tue Apr 16 18:48:31 EDT 2019 : org.jfree.chart.plot.CategoryPlot,1684=>Find no block
Tue Apr 16 18:48:31 EDT 2019 org.jfree.chart.plot.CategoryPlot,567
Tue Apr 16 18:48:33 EDT 2019 Tue Apr 16 18:48:33 EDT 2019 : org.jfree.chart.plot.CategoryPlot,568=>Find no block
Tue Apr 16 18:48:33 EDT 2019 org.jfree.chart.plot.CategoryPlot,1339
Tue Apr 16 18:48:33 EDT 2019 Tue Apr 16 18:48:33 EDT 2019 : org.jfree.chart.plot.CategoryPlot,1340=>Find no block
Tue Apr 16 18:48:33 EDT 2019 org.jfree.chart.plot.CategoryPlot,1358
Tue Apr 16 18:48:34 EDT 2019 org.jfree.chart.plot.CategoryPlot,1045
Tue Apr 16 18:48:34 EDT 2019 org.jfree.chart.plot.CategoryPlot,1046
Tue Apr 16 18:48:34 EDT 2019 org.jfree.chart.plot.CategoryPlot,1352
=================================================
Project : chart_1	start : 19/04/16 18:49
Current failed test : org.jfree.chart.renderer.category.junit.AbstractCategoryItemRendererTests::test2947660 | 19/04/16 18:49
Tue Apr 16 18:49:11 EDT 2019 org.jfree.chart.renderer.category.AbstractCategoryItemRenderer,1793
Tue Apr 16 18:49:11 EDT 2019 org.jfree.chart.plot.CategoryPlot,1613
Tue Apr 16 18:49:12 EDT 2019 Tue Apr 16 18:49:12 EDT 2019 : org.jfree.chart.plot.CategoryPlot,1614=>Find no block
Tue Apr 16 18:49:12 EDT 2019 org.jfree.chart.plot.CategoryPlot,1665
Tue Apr 16 18:49:12 EDT 2019 org.jfree.chart.plot.CategoryPlot,1667
=================================================
Project : chart_1	start : 19/04/16 18:49
Current failed test : org.jfree.chart.renderer.category.junit.AbstractCategoryItemRendererTests::test2947660 | 19/04/16 18:49
Tue Apr 16 18:49:59 EDT 2019 org.jfree.chart.renderer.category.AbstractCategoryItemRenderer,1793
Tue Apr 16 18:50:00 EDT 2019 org.jfree.chart.plot.CategoryPlot,1613
Tue Apr 16 18:50:00 EDT 2019 Tue Apr 16 18:50:00 EDT 2019 : org.jfree.chart.plot.CategoryPlot,1614=>Find no block
Tue Apr 16 18:50:00 EDT 2019 org.jfree.chart.plot.CategoryPlot,1665
Tue Apr 16 18:50:00 EDT 2019 org.jfree.chart.plot.CategoryPlot,1667
Tue Apr 16 18:50:01 EDT 2019 org.jfree.chart.plot.CategoryPlot,1672
=================================================
Project : chart_1	start : 19/04/16 18:50
Current failed test : org.jfree.chart.renderer.category.junit.AbstractCategoryItemRendererTests::test2947660 | 19/04/16 18:50
Tue Apr 16 18:50:23 EDT 2019 org.jfree.chart.renderer.category.AbstractCategoryItemRenderer,1793
=================================================
Project : chart_1	start : 19/04/16 18:55
Current failed test : org.jfree.chart.renderer.category.junit.AbstractCategoryItemRendererTests::test2947660 | 19/04/16 18:55
Tue Apr 16 18:55:49 EDT 2019 org.jfree.chart.renderer.category.AbstractCategoryItemRenderer,1793
=================================================
Project : chart_1	start : 19/04/16 18:56
Current failed test : org.jfree.chart.renderer.category.junit.AbstractCategoryItemRendererTests::test2947660 | 19/04/16 18:56
Tue Apr 16 18:56:11 EDT 2019 org.jfree.chart.renderer.category.AbstractCategoryItemRenderer,1793
Tue Apr 16 18:56:11 EDT 2019 org.jfree.chart.plot.CategoryPlot,1613
Tue Apr 16 18:56:12 EDT 2019 Tue Apr 16 18:56:12 EDT 2019 : org.jfree.chart.plot.CategoryPlot,1614=>Find no block
Tue Apr 16 18:56:12 EDT 2019 org.jfree.chart.plot.CategoryPlot,1665
Tue Apr 16 18:56:12 EDT 2019 org.jfree.chart.plot.CategoryPlot,1667
Tue Apr 16 18:56:12 EDT 2019 org.jfree.chart.plot.CategoryPlot,1672
Tue Apr 16 18:56:13 EDT 2019 org.jfree.chart.plot.CategoryPlot,1673
Tue Apr 16 18:56:13 EDT 2019 org.jfree.chart.plot.CategoryPlot,1674
=================================================
Project : chart_1	start : 19/04/16 19:01
Current failed test : org.jfree.chart.renderer.category.junit.AbstractCategoryItemRendererTests::test2947660 | 19/04/16 19:01
Tue Apr 16 19:01:46 EDT 2019 org.jfree.chart.renderer.category.AbstractCategoryItemRenderer,1793
Tue Apr 16 19:01:47 EDT 2019 org.jfree.chart.plot.CategoryPlot,1613
Tue Apr 16 19:01:47 EDT 2019 Tue Apr 16 19:01:47 EDT 2019 : org.jfree.chart.plot.CategoryPlot,1614=>Find no block
Tue Apr 16 19:01:47 EDT 2019 org.jfree.chart.plot.CategoryPlot,1665
Tue Apr 16 19:01:47 EDT 2019 org.jfree.chart.plot.CategoryPlot,1667
Tue Apr 16 19:01:48 EDT 2019 org.jfree.chart.plot.CategoryPlot,1672
Tue Apr 16 19:01:48 EDT 2019 org.jfree.chart.plot.CategoryPlot,1673
Tue Apr 16 19:01:48 EDT 2019 org.jfree.chart.plot.CategoryPlot,1674
Tue Apr 16 19:01:48 EDT 2019 org.jfree.chart.plot.CategoryPlot,1675
