=================================================
Project : math_5	start : 19/04/19 10:37
Current failed test : org.apache.commons.math3.complex.ComplexTest::testReciprocalZero | 19/04/19 10:38
Fri Apr 19 10:38:05 EDT 2019 org.apache.commons.math3.complex.Complex,305
Fri Apr 19 10:38:09 EDT 2019 org.apache.commons.math3.complex.Complex,1228
=================================================
Project : math_5	start : 19/04/19 10:41
Current failed test : org.apache.commons.math3.complex.ComplexTest::testReciprocalZero | 19/04/19 10:42
Fri Apr 19 10:42:09 EDT 2019 org.apache.commons.math3.complex.Complex,305
Fri Apr 19 10:42:13 EDT 2019 org.apache.commons.math3.complex.Complex,1228
Fri Apr 19 10:42:19 EDT 2019 org.apache.commons.math3.complex.Complex,304
Fri Apr 19 10:42:20 EDT 2019 org.apache.commons.math3.complex.Complex,300
Fri Apr 19 10:42:23 EDT 2019 org.apache.commons.math3.complex.Complex,348
=================================================
Project : math_5	start : 19/04/19 10:45
Current failed test : org.apache.commons.math3.complex.ComplexTest::testReciprocalZero | 19/04/19 10:46
Fri Apr 19 10:46:04 EDT 2019 org.apache.commons.math3.complex.Complex,305
Fri Apr 19 10:46:08 EDT 2019 org.apache.commons.math3.complex.Complex,1228
=================================================
Project : math_5	start : 19/04/19 11:10
Current failed test : org.apache.commons.math3.complex.ComplexTest::testReciprocalZero | 19/04/19 11:10
Fri Apr 19 11:10:28 EDT 2019 org.apache.commons.math3.complex.Complex,305
Fri Apr 19 11:10:33 EDT 2019 org.apache.commons.math3.complex.Complex,1228
Fri Apr 19 11:10:39 EDT 2019 org.apache.commons.math3.complex.Complex,304
Fri Apr 19 11:10:39 EDT 2019 org.apache.commons.math3.complex.Complex,300
Fri Apr 19 11:10:43 EDT 2019 org.apache.commons.math3.complex.Complex,348
Fri Apr 19 11:10:49 EDT 2019 org.apache.commons.math3.complex.Complex,344
=================================================
Project : math_5	start : 19/04/19 11:25
=================================================
Project : math_5	start : 19/04/19 11:27
Current failed test : org.apache.commons.math3.complex.ComplexTest::testReciprocalZero | 19/04/19 11:27
Fri Apr 19 11:27:31 EDT 2019 org.apache.commons.math3.complex.Complex,305

----------------------------------------
----------------------------------------
Pass Single Test : [=>0,0]
if(real==0.0&&imaginary==0.0){
return INF;
}

Time : 19/04/19 11:27
----------------------------------------

----------------------------------------
----------------------------------------
Similar code block : 1.7606388292556647 : [/home/joe/Simfixplusplus/simfix-automatic-build/d4j/projects/math/math_5_buggy/src/main/java/org/apache/commons/math3/complex/Complex.java=>0,0]
if(Double.isInfinite(real)||Double.isInfinite(imaginary)){
return INF;
}

Time : 19/04/19 11:29
----------------------------------------

----------------------------------------
----------------------------------------
Original source code : [/home/joe/Simfixplusplus/simfix-automatic-build/d4j/projects/math/math_5_buggy/src/main/java/org/apache/commons/math3/complex/Complex.java=>304,306]
if(real==0.0&&imaginary==0.0){
return NaN;
}

Time : 19/04/19 11:29
----------------------------------------

----------------------------------------
----------------------------------------
Find a patch : [/home/joe/Simfixplusplus/simfix-automatic-build/d4j/projects/math/math_5_buggy/src/main/java/org/apache/commons/math3/complex/Complex.java=>304,306]
if(real==0.0&&imaginary==0.0){
return INF;
}

Time : 19/04/19 11:29
----------------------------------------
Success time : 19/04/19 11:29
=================================================
Project : math_5	start : 19/04/19 12:29
=================================================
Project : math_5	start : 19/04/19 12:29
=================================================
Project : math_5	start : 19/04/19 12:36
=================================================
Project : math_5	start : 19/04/19 12:41
Current failed test : org.apache.commons.math3.complex.ComplexTest::testReciprocalZero | 19/04/19 12:41
Fri Apr 19 12:41:56 EDT 2019 org.apache.commons.math3.complex.Complex,305

----------------------------------------
----------------------------------------
Pass Single Test : [=>0,0]
if(real==0.0&&imaginary==0.0){
return INF;
}

Time : 19/04/19 12:42
----------------------------------------

----------------------------------------
----------------------------------------
Similar code block : 1.7606388292556647 : [/home/joe/Simfixplusplus/simfix-automatic-build/d4j/projects/math/math_5_buggy/src/main/java/org/apache/commons/math3/complex/Complex.java=>0,0]
if(Double.isInfinite(real)||Double.isInfinite(imaginary)){
return INF;
}

Time : 19/04/19 12:43
----------------------------------------

----------------------------------------
----------------------------------------
Original source code : [/home/joe/Simfixplusplus/simfix-automatic-build/d4j/projects/math/math_5_buggy/src/main/java/org/apache/commons/math3/complex/Complex.java=>304,306]
if(real==0.0&&imaginary==0.0){
return NaN;
}

Time : 19/04/19 12:43
----------------------------------------

----------------------------------------
----------------------------------------
Find a patch : [/home/joe/Simfixplusplus/simfix-automatic-build/d4j/projects/math/math_5_buggy/src/main/java/org/apache/commons/math3/complex/Complex.java=>304,306]
if(real==0.0&&imaginary==0.0){
return INF;
}

Time : 19/04/19 12:43
----------------------------------------
Success time : 19/04/19 12:43
=================================================
Project : math_5	start : 19/04/19 12:46
Current failed test : org.apache.commons.math3.complex.ComplexTest::testReciprocalZero | 19/04/19 12:46
Fri Apr 19 12:46:58 EDT 2019 org.apache.commons.math3.complex.Complex,305

----------------------------------------
----------------------------------------
Pass Single Test : [=>0,0]
if(real==0.0&&imaginary==0.0){
return INF;
}

Time : 19/04/19 12:47
----------------------------------------

----------------------------------------
----------------------------------------
Similar code block : 1.7606388292556647 : [/home/joe/Simfixplusplus/simfix-automatic-build/d4j/projects/math/math_5_buggy/src/main/java/org/apache/commons/math3/complex/Complex.java=>0,0]
if(Double.isInfinite(real)||Double.isInfinite(imaginary)){
return INF;
}

Time : 19/04/19 12:48
----------------------------------------

----------------------------------------
----------------------------------------
Original source code : [/home/joe/Simfixplusplus/simfix-automatic-build/d4j/projects/math/math_5_buggy/src/main/java/org/apache/commons/math3/complex/Complex.java=>304,306]
if(real==0.0&&imaginary==0.0){
return NaN;
}

Time : 19/04/19 12:48
----------------------------------------

----------------------------------------
----------------------------------------
Find a patch : [/home/joe/Simfixplusplus/simfix-automatic-build/d4j/projects/math/math_5_buggy/src/main/java/org/apache/commons/math3/complex/Complex.java=>304,306]
if(real==0.0&&imaginary==0.0){
return INF;
}

Time : 19/04/19 12:48
----------------------------------------
Success time : 19/04/19 12:48
=================================================
Project : math_5	start : 19/04/19 12:49
Current failed test : org.apache.commons.math3.complex.ComplexTest::testReciprocalZero | 19/04/19 12:49
Fri Apr 19 12:49:28 EDT 2019 org.apache.commons.math3.complex.Complex,305

----------------------------------------
----------------------------------------
Pass Single Test : [=>0,0]
if(real==0.0&&imaginary==0.0){
return INF;
}

Time : 19/04/19 12:49
----------------------------------------

----------------------------------------
----------------------------------------
Similar code block : 1.7606388292556647 : [/home/joe/Simfixplusplus/simfix-automatic-build/d4j/projects/math/math_5_buggy/src/main/java/org/apache/commons/math3/complex/Complex.java=>0,0]
if(Double.isInfinite(real)||Double.isInfinite(imaginary)){
return INF;
}

Time : 19/04/19 12:51
----------------------------------------

----------------------------------------
----------------------------------------
Original source code : [/home/joe/Simfixplusplus/simfix-automatic-build/d4j/projects/math/math_5_buggy/src/main/java/org/apache/commons/math3/complex/Complex.java=>304,306]
if(real==0.0&&imaginary==0.0){
return NaN;
}

Time : 19/04/19 12:51
----------------------------------------

----------------------------------------
----------------------------------------
Find a patch : [/home/joe/Simfixplusplus/simfix-automatic-build/d4j/projects/math/math_5_buggy/src/main/java/org/apache/commons/math3/complex/Complex.java=>304,306]
if(real==0.0&&imaginary==0.0){
return INF;
}

Time : 19/04/19 12:51
----------------------------------------
Success time : 19/04/19 12:51
=================================================
Project : math_5	start : 19/04/20 13:01
Current failed test : org.apache.commons.math3.complex.ComplexTest::testReciprocalZero | 19/04/20 13:01
Sat Apr 20 13:02:14 EDT 2019 org.apache.commons.math3.complex.Complex,305

----------------------------------------
----------------------------------------
Pass Single Test : [=>0,0]
if(real==0.0&&imaginary==0.0){
return INF;
}

Time : 19/04/20 13:02
----------------------------------------

----------------------------------------
----------------------------------------
Similar code block : 1.7606388292556647 : [/home/robin/Documents/Simfixplusplus/simfix-automatic-build/d4j/projects/math/math_5_buggy/src/main/java/org/apache/commons/math3/complex/Complex.java=>0,0]
if(Double.isInfinite(real)||Double.isInfinite(imaginary)){
return INF;
}

Time : 19/04/20 13:05
----------------------------------------

----------------------------------------
----------------------------------------
Original source code : [/home/robin/Documents/Simfixplusplus/simfix-automatic-build/d4j/projects/math/math_5_buggy/src/main/java/org/apache/commons/math3/complex/Complex.java=>304,306]
if(real==0.0&&imaginary==0.0){
return NaN;
}

Time : 19/04/20 13:05
----------------------------------------

----------------------------------------
----------------------------------------
Find a patch : [/home/robin/Documents/Simfixplusplus/simfix-automatic-build/d4j/projects/math/math_5_buggy/src/main/java/org/apache/commons/math3/complex/Complex.java=>304,306]
if(real==0.0&&imaginary==0.0){
return INF;
}

Time : 19/04/20 13:05
----------------------------------------
Success time : 19/04/20 13:05
=================================================
Project : math_5	start : 19/04/21 22:16
=================================================
Project : math_5	start : 19/04/21 22:17
=================================================
Project : math_5	start : 19/04/21 22:17
Current failed test : org.apache.commons.math3.complex.ComplexTest::testReciprocalZero | 19/04/21 22:17
Sun Apr 21 22:17:59 EDT 2019 org.apache.commons.math3.complex.Complex,305
=================================================
Project : math_5	start : 19/04/21 22:22
Current failed test : org.apache.commons.math3.complex.ComplexTest::testReciprocalZero | 19/04/21 22:23
Sun Apr 21 22:23:45 EDT 2019 org.apache.commons.math3.complex.Complex,305
=================================================
Project : math_5	start : 19/04/21 22:24
Current failed test : org.apache.commons.math3.complex.ComplexTest::testReciprocalZero | 19/04/21 22:24
Sun Apr 21 22:25:11 EDT 2019 org.apache.commons.math3.complex.Complex,305
=================================================
Project : math_5	start : 19/04/21 22:26
=================================================
Project : math_5	start : 19/04/21 22:26
Current failed test : org.apache.commons.math3.complex.ComplexTest::testReciprocalZero | 19/04/21 22:26
Sun Apr 21 22:27:17 EDT 2019 org.apache.commons.math3.complex.Complex,305
=================================================
Project : math_5	start : 19/04/21 23:36
Current failed test : org.apache.commons.math3.complex.ComplexTest::testReciprocalZero | 19/04/21 23:36
Sun Apr 21 23:37:19 EDT 2019 org.apache.commons.math3.complex.Complex,305
Sun Apr 21 23:37:23 EDT 2019 org.apache.commons.math3.complex.Complex,1228
=================================================
Project : math_5	start : 19/04/21 23:50
Current failed test : org.apache.commons.math3.complex.ComplexTest::testReciprocalZero | 19/04/21 23:51
Sun Apr 21 23:51:45 EDT 2019 org.apache.commons.math3.complex.Complex,305
=================================================
Project : math_5	start : 19/04/22 00:18
Current failed test : org.apache.commons.math3.complex.ComplexTest::testReciprocalZero | 19/04/22 00:18
Mon Apr 22 00:19:32 EDT 2019 org.apache.commons.math3.complex.Complex,305
=================================================
Project : math_5	start : 19/04/22 00:25
Current failed test : org.apache.commons.math3.complex.ComplexTest::testReciprocalZero | 19/04/22 00:25
Mon Apr 22 00:26:14 EDT 2019 org.apache.commons.math3.complex.Complex,305
=================================================
Project : math_5	start : 19/04/22 00:30
Current failed test : org.apache.commons.math3.complex.ComplexTest::testReciprocalZero | 19/04/22 00:30
Mon Apr 22 00:31:20 EDT 2019 org.apache.commons.math3.complex.Complex,305
=================================================
Project : math_5	start : 19/04/22 00:36
Current failed test : org.apache.commons.math3.complex.ComplexTest::testReciprocalZero | 19/04/22 00:36
Mon Apr 22 00:37:18 EDT 2019 org.apache.commons.math3.complex.Complex,305
